Change Component Designator: Old Designator=C? New Designator=C1
Change Component Designator: Old Designator=C? New Designator=C2
Change Component Designator: Old Designator=CN? New Designator=CN1
Change Component Designator: Old Designator=D? New Designator=D1
Change Component Designator: Old Designator=D? New Designator=D2
Change Component Designator: Old Designator=D? New Designator=D3
Change Component Designator: Old Designator=D? New Designator=D4
Change Component Designator: Old Designator=D? New Designator=D5
Change Component Designator: Old Designator=D? New Designator=D6
Change Component Designator: Old Designator=D? New Designator=D7
Change Component Designator: Old Designator=D? New Designator=D8
Change Component Designator: Old Designator=D? New Designator=D9
Change Component Designator: Old Designator=D? New Designator=D10
Change Component Designator: Old Designator=D? New Designator=D11
Change Component Designator: Old Designator=D? New Designator=D12
Change Component Designator: Old Designator=E? New Designator=E1
Change Component Designator: Old Designator=J? New Designator=J1
Change Component Designator: Old Designator=J? New Designator=J2
Change Component Designator: Old Designator=J? New Designator=J3
Change Component Designator: Old Designator=J? New Designator=J4
Change Component Designator: Old Designator=J? New Designator=J5
Change Component Designator: Old Designator=J? New Designator=J6
Change Component Designator: Old Designator=J? New Designator=J7
Change Component Designator: Old Designator=P? New Designator=P1
Change Component Designator: Old Designator=P? New Designator=P2
Change Component Designator: Old Designator=P? New Designator=P3
Change Component Designator: Old Designator=Q? New Designator=Q1
Change Component Designator: Old Designator=Q? New Designator=Q2
Change Component Designator: Old Designator=Q? New Designator=Q3
Change Component Designator: Old Designator=R? New Designator=R1
Change Component Designator: Old Designator=R? New Designator=R2
Change Component Designator: Old Designator=R? New Designator=R3
Change Component Designator: Old Designator=R? New Designator=R4
Change Component Designator: Old Designator=R? New Designator=R5
Change Component Designator: Old Designator=R? New Designator=R6
Change Component Designator: Old Designator=R? New Designator=R7
Change Component Designator: Old Designator=R? New Designator=R8
Change Component Designator: Old Designator=R? New Designator=R9
Change Component Designator: Old Designator=R? New Designator=R10
Change Component Designator: Old Designator=R? New Designator=R11
Change Component Designator: Old Designator=R? New Designator=R12
Change Component Designator: Old Designator=R? New Designator=R13
Change Component Designator: Old Designator=R? New Designator=R14
Change Component Designator: Old Designator=R? New Designator=R15
Change Component Designator: Old Designator=U? New Designator=U1
